2026-03-03 09:33:18 [[32minfo[39m]: MongoDB Connected: 195.211.174.92
2026-03-03 09:33:19 [[32minfo[39m]: Server running at http://0.0.0.0:3001
2026-03-03 09:33:19 [[32minfo[39m]: WebSocket server running on same port
2026-03-03 09:33:52 [[33mwarn[39m]: MongoDB Disconnected
2026-03-03 09:34:15 [[32minfo[39m]: MongoDB Connected: 195.211.174.92
2026-03-03 09:34:15 [[32minfo[39m]: Server running at http://0.0.0.0:3001
2026-03-03 09:34:15 [[32minfo[39m]: WebSocket server running on same port
2026-03-03 09:34:32 [[33mwarn[39m]: MongoDB Disconnected
2026-03-03 09:35:02 [[32minfo[39m]: Connected to MongoDB for seeding
2026-03-03 09:35:02 [[32minfo[39m]: Cleared existing data
2026-03-03 09:35:02 [[32minfo[39m]: Created admin user
2026-03-03 09:35:02 [[32minfo[39m]: Created 15 services
2026-03-03 09:35:02 [[32minfo[39m]: Created 4 doctors
2026-03-03 09:35:02 [[32minfo[39m]: Created settings
2026-03-03 09:35:16 [[32minfo[39m]: MongoDB Connected: 195.211.174.92
2026-03-03 09:35:16 [[32minfo[39m]: Server running at http://0.0.0.0:3001
2026-03-03 09:35:16 [[32minfo[39m]: WebSocket server running on same port
2026-03-03 09:35:36 [[33mwarn[39m]: MongoDB Disconnected
2026-03-03 09:42:35 [[32minfo[39m]: MongoDB Connected: 195.211.174.92
2026-03-03 09:42:35 [[32minfo[39m]: Server running at http://0.0.0.0:3001
2026-03-03 09:42:35 [[32minfo[39m]: WebSocket server running on same port
2026-03-03 09:43:37 [[32minfo[39m]: Retrieved 15 services
2026-03-03 09:43:37 [[32minfo[39m]: Retrieved 0 reviews
2026-03-03 09:43:37 [[32minfo[39m]: Retrieved 4 doctors
2026-03-03 09:43:45 [[32minfo[39m]: Retrieved 15 services
2026-03-03 09:43:45 [[32minfo[39m]: Retrieved 0 reviews
2026-03-03 09:43:45 [[32minfo[39m]: Retrieved 4 doctors
2026-03-03 09:45:45 [[32minfo[39m]: Connected to MongoDB for seeding
2026-03-03 09:45:45 [[32minfo[39m]: Cleared existing data
2026-03-03 09:45:45 [[32minfo[39m]: Created admin user
2026-03-03 09:45:46 [[32minfo[39m]: Created 15 services
2026-03-03 09:45:46 [[32minfo[39m]: Created 4 doctors
2026-03-03 09:45:46 [[32minfo[39m]: Created settings
2026-03-03 09:47:01 [[32minfo[39m]: Retrieved 15 services
2026-03-03 09:47:02 [[32minfo[39m]: Retrieved 0 reviews
2026-03-03 09:47:02 [[32minfo[39m]: Retrieved 0 reviews
2026-03-03 09:47:02 [[32minfo[39m]: Retrieved 4 doctors
2026-03-03 09:47:02 [[32minfo[39m]: Retrieved 15 services
2026-03-03 09:47:02 [[32minfo[39m]: Retrieved 4 doctors
2026-03-03 09:47:24 [[32minfo[39m]: Retrieved 15 services
2026-03-03 09:47:44 [[32minfo[39m]: Retrieved 15 services
2026-03-03 09:47:44 [[32minfo[39m]: Retrieved 0 reviews
2026-03-03 09:47:44 [[32minfo[39m]: Retrieved 4 doctors
2026-03-03 09:47:44 [[32minfo[39m]: Retrieved 0 reviews
2026-03-03 09:47:44 [[32minfo[39m]: Retrieved 15 services
2026-03-03 09:47:44 [[32minfo[39m]: Retrieved 4 doctors
2026-03-03 09:47:49 [[32minfo[39m]: Retrieved 4 doctors
2026-03-03 09:47:49 [[32minfo[39m]: Retrieved 4 doctors
2026-03-03 09:47:59 [[32minfo[39m]: Retrieved 15 services
2026-03-03 09:47:59 [[32minfo[39m]: Retrieved 0 reviews
2026-03-03 09:47:59 [[32minfo[39m]: Retrieved 15 services
2026-03-03 09:47:59 [[32minfo[39m]: Retrieved 4 doctors
2026-03-03 09:47:59 [[32minfo[39m]: Retrieved 0 reviews
2026-03-03 09:47:59 [[32minfo[39m]: Retrieved 4 doctors
2026-03-03 09:48:03 [[32minfo[39m]: MongoDB Connected: 195.211.174.92
2026-03-03 09:48:28 [[32minfo[39m]: Retrieved 15 services
2026-03-03 09:48:28 [[32minfo[39m]: Retrieved 4 doctors
2026-03-03 09:48:28 [[32minfo[39m]: Retrieved 0 reviews
2026-03-03 09:48:28 [[32minfo[39m]: Retrieved 15 services
2026-03-03 09:48:28 [[32minfo[39m]: Retrieved 0 reviews
2026-03-03 09:48:28 [[32minfo[39m]: Retrieved 4 doctors
2026-03-03 09:49:38 [[32minfo[39m]: MongoDB Connected: 195.211.174.92
2026-03-03 09:49:38 [[32minfo[39m]: Server running at http://0.0.0.0:3001
2026-03-03 09:49:38 [[32minfo[39m]: WebSocket server running on same port
2026-03-03 09:49:51 [[32minfo[39m]: Admin logged in: admin@cosmodent.ua
2026-03-03 09:50:38 [[31merror[39m]: Database Connection Failed: connect ECONNREFUSED 127.0.0.1:27017
2026-03-03 09:50:40 [[32minfo[39m]: Admin logged in: admin@cosmodent.ua
2026-03-03 09:50:57 [[32minfo[39m]: Admin logged in: admin@cosmodent.ua
2026-03-03 09:54:23 [[32minfo[39m]: Admin logged in: admin@cosmodent.ua
